<?xml version="1.0" encoding="UTF-8"?>
<!-- Generated by org.testng.reporters.JUnitReportReporter -->
<testsuite hostname="LAPTOP-1CD8ER7O" failures="0" tests="1" name="endToEnd.CreateAndDeleteBoards" time="21.762" errors="0" timestamp="2023-09-11T19:05:41 IST" skipped="0">
  <testcase classname="endToEnd.CreateAndDeleteBoards" name="oneEndToEndUponTrello" time="21.762"/>
</testsuite> <!-- endToEnd.CreateAndDeleteBoards -->
