<?xml version="1.0" encoding="UTF-8"?>
<!-- Generated by org.testng.reporters.JUnitReportReporter -->
<testsuite hostname="LAPTOP-1CD8ER7O" failures="0" tests="6" name="testNG.Arguments" time="0.027" errors="0" timestamp="2023-09-11T19:05:41 IST" skipped="1">
  <testcase classname="testNG.Arguments" name="loginpage" time="0.008"/>
  <testcase classname="testNG.Arguments" name="loginpage" time="0.006"/>
  <testcase classname="testNG.Arguments" name="loginpage" time="0.009"/>
  <testcase classname="testNG.Arguments" name="homepage" time="0.002"/>
  <testcase classname="testNG.Arguments" name="ProductPage" time="0.002"/>
  <testcase classname="testNG.Arguments" name="addToPage">
    <skipped/>
  </testcase> <!-- addToPage -->
</testsuite> <!-- testNG.Arguments -->
