<?xml version="1.0" encoding="UTF-8"?>
<!-- Generated by org.testng.reporters.JUnitReportReporter -->
<testsuite hostname="LAPTOP-1CD8ER7O" failures="0" tests="3" name="testNG.Group3" time="0.000" errors="0" timestamp="2023-09-11T19:05:41 IST" skipped="0">
  <testcase classname="testNG.Group3" name="h" time="0.000"/>
  <testcase classname="testNG.Group3" name="i" time="0.000"/>
  <testcase classname="testNG.Group3" name="j" time="0.000"/>
</testsuite> <!-- testNG.Group3 -->
