<?xml version="1.0" encoding="UTF-8"?>
<!-- Generated by org.testng.reporters.JUnitReportReporter -->
<testsuite hostname="LAPTOP-1CD8ER7O" failures="0" tests="3" name="testNG.Group1" time="0.025" errors="0" timestamp="2023-09-11T19:05:41 IST" skipped="0">
  <testcase classname="testNG.Group1" name="b" time="0.004"/>
  <testcase classname="testNG.Group1" name="c" time="0.003"/>
  <testcase classname="testNG.Group1" name="a" time="0.018"/>
</testsuite> <!-- testNG.Group1 -->
