<?xml version="1.0" encoding="UTF-8"?>
<!-- Generated by org.testng.reporters.JUnitReportReporter -->
<testsuite hostname="LAPTOP-1CD8ER7O" failures="0" tests="1" name="testNG.ParallelExecution" time="16.255" errors="0" timestamp="2023-09-11T19:22:06 IST" skipped="0">
  <testcase classname="testNG.ParallelExecution" name="Facebook" time="16.255"/>
</testsuite> <!-- testNG.ParallelExecution -->
