<?xml version="1.0" encoding="UTF-8"?>
<!-- Generated by org.testng.reporters.JUnitReportReporter -->
<testsuite hostname="ASHNAIL" failures="0" tests="1" name="cookies.HandleCookies" time="8.469" errors="0" timestamp="2024-01-18T19:17:08 IST" skipped="0">
  <testcase classname="cookies.HandleCookies" name="handleCookies" time="8.469"/>
</testsuite> <!-- cookies.HandleCookies -->
