<?xml version="1.0" encoding="UTF-8"?>
<!-- Generated by org.testng.reporters.JUnitReportReporter -->
<testsuite hostname="LAPTOP-1CD8ER7O" failures="0" tests="2" name="testNG.LaernToReadTheDataByUsingDataProviderAnnotation_InDiffClass" time="20.802" errors="0" timestamp="2023-09-11T19:05:41 IST" skipped="0">
  <testcase classname="testNG.LaernToReadTheDataByUsingDataProviderAnnotation_InDiffClass" name="myFirstDataReadingFromDataProviderInDiffClass" time="5.588"/>
  <testcase classname="testNG.LaernToReadTheDataByUsingDataProviderAnnotation_InDiffClass" name="myFirstDataReadingFromDataProviderInDiffClass" time="15.214"/>
</testsuite> <!-- testNG.LaernToReadTheDataByUsingDataProviderAnnotation_InDiffClass -->
