<?xml version="1.0" encoding="UTF-8"?>
<!-- Generated by org.testng.reporters.JUnitReportReporter -->
<testsuite hostname="LAPTOP-1CD8ER7O" failures="0" tests="3" name="testNG.PreAndPostCondtionAnnotations" time="64.977" errors="0" timestamp="2023-09-11T19:05:41 IST" skipped="0">
  <testcase classname="testNG.PreAndPostCondtionAnnotations" name="facebook" time="25.156"/>
  <testcase classname="testNG.PreAndPostCondtionAnnotations" name="facebook" time="23.631"/>
  <testcase classname="testNG.PreAndPostCondtionAnnotations" name="actiTime" time="16.190"/>
</testsuite> <!-- testNG.PreAndPostCondtionAnnotations -->
