<?xml version="1.0" encoding="UTF-8"?>
<!-- Generated by org.testng.reporters.JUnitReportReporter -->
<testsuite hostname="ASHNAIL" failures="0" tests="1" name="cookies.HandleCookiesFlipkart" time="11.359" errors="0" timestamp="2024-01-23T21:38:31 IST" skipped="0">
  <testcase classname="cookies.HandleCookiesFlipkart" name="HnadleCookies" time="11.359"/>
</testsuite> <!-- cookies.HandleCookiesFlipkart -->
