<?xml version="1.0" encoding="UTF-8"?>
<!-- Generated by org.testng.reporters.JUnitReportReporter -->
<testsuite hostname="LAPTOP-1CD8ER7O" failures="0" tests="1" name="testNG.ParameterWithParallelExecution" time="29.644" errors="0" timestamp="2023-09-11T19:19:45 IST" skipped="0">
  <testcase classname="testNG.ParameterWithParallelExecution" name="loginActiTime" time="29.644"/>
</testsuite> <!-- testNG.ParameterWithParallelExecution -->
