<?xml version="1.0" encoding="UTF-8"?>
<!-- Generated by org.testng.reporters.JUnitReportReporter -->
<testsuite hostname="LAPTOP-1CD8ER7O" failures="0" tests="2" name="testNG.LearnToReadTheDataByUsing_DataProviderAnotaion_InSameClass" time="10.457" errors="0" timestamp="2023-09-11T19:05:41 IST" skipped="0">
  <testcase classname="testNG.LearnToReadTheDataByUsing_DataProviderAnotaion_InSameClass" name="myFirstDataReadingInSameClass" time="5.067"/>
  <testcase classname="testNG.LearnToReadTheDataByUsing_DataProviderAnotaion_InSameClass" name="myFirstDataReadingInSameClass" time="5.390"/>
</testsuite> <!-- testNG.LearnToReadTheDataByUsing_DataProviderAnotaion_InSameClass -->
