<?xml version="1.0" encoding="UTF-8"?>
<!-- Generated by org.testng.reporters.JUnitReportReporter -->
<testsuite hostname="LAPTOP-1CD8ER7O" failures="0" tests="3" name="testNG.Group2" time="0.011" errors="0" timestamp="2023-09-11T19:05:41 IST" skipped="0">
  <testcase classname="testNG.Group2" name="e" time="0.000"/>
  <testcase classname="testNG.Group2" name="g" time="0.000"/>
  <testcase classname="testNG.Group2" name="f" time="0.011"/>
</testsuite> <!-- testNG.Group2 -->
