<?xml version="1.0" encoding="UTF-8"?>
<!-- Generated by org.testng.reporters.JUnitReportReporter -->
<testsuite hostname="LAPTOP-1CD8ER7O" failures="0" tests="1" name="endToEnd.Assertion" time="10.130" errors="0" timestamp="2023-09-11T22:21:13 IST" skipped="0">
  <testcase classname="endToEnd.Assertion" name="HardAssert" time="10.130"/>
</testsuite> <!-- endToEnd.Assertion -->
